[web/design.html]
[backblue.gif]
[fade.gif]
[index.html]
[web/images/favicon.ico]
[web/images/ios-ipad-144x144.png]
[web/images/ios-iphone-114x144.png]
[web/images/ios-default-homescreen-57x57.png]
[web/images/t_logo_291_black.png]
[web/images/rss.xml]
[web/images/styles.css]
[web/images/post.8.delayed]
[web/images/3338050995.js]
[web/images/framework.js]
[web/images/icon-alert-12x12-a81817.png]
[web/images/05bove-videolarge.jpg]
[web/images/05bove-thumbstandard.jpg]
[web/images/6floods1-videolarge.jpg]
[web/images/6floods1-thumbstandard.jpg]
[web/images/04leckey-videolarge.jpg]
[web/images/04leckey-thumbstandard.jpg]
[web/images/04chareaujp2-videolarge.jpg]
[web/images/04chareaujp2-thumbstandard.jpg]
[web/images/04ogboh-gallery3-alt-sub-videolarge.jpg]
[web/images/05reyburn07-01inyt-videolarge.jpg]
[web/images/05hirshhorn-videolarge.jpg]
[web/images/04fragonard1-videolarge.jpg]
[web/images/04greenwoodjp1-videolarge.jpg]
[web/images/30boston-videolarge.jpg]
[web/images/30collins1-videolarge-v2.jpg]
[web/images/30social2-videolarge.jpg]
[web/images/30dali-videolarge.jpg]
[web/images/30martin1-videolarge.jpg]
[web/images/05kobe-item1-mediumthreebytwo210.jpg]
[web/images/04listingsartaltsub-mediumthreebytwo210.jpg]
[web/images/04buttons1-mediumthreebytwo210.jpg]
[web/images/04twombly-item-mediumthreebytwo210-v2.jpg]
[web/images/04insiderart-mediumthreebytwo210.jpg]
[web/images/04buffalo-mediumthreebytwo210.jpg]
[web/images/04antiques1-mediumthreebytwo210.jpg]
[web/images/04chareauside-vr-mediumthreebytwo210.jpg]
[web/images/04helsinki-item-mediumthreebytwo210.jpg]
[web/images/02ruscha-subweb01-mediumthreebytwo210.jpg]
[web/images/03weber-obit-2-mediumthreebytwo210.jpg]
[web/images/03rothko-mediumthreebytwo210-v2.jpg]
[web/images/06guide7-mediumthreebytwo210.jpg]
[web/images/03krasner-item-mediumthreebytwo210-v2.jpg]
[web/images/02arieff6-mediumthreebytwo210.jpg]
[web/images/02sendak-item-mediumthreebytwo210.jpg]
[web/images/02kemang-mediumthreebytwo210.jpg]
[web/images/02vangogh-item-01web-mediumthreebytwo210.jpg]
[web/images/13tmag-12look_gloss-t_ca0-mediumthreebytwo210-v2.jpg]
[web/design.html]
[web/images/26tmag-object01-mediumthreebytwo210.jpg]
[web/post.html]
[web/images/styles.css]
